Using pre-set license
Built from '2021.3/staging' branch; Version is '2021.3.37f1 (3b6005ad5ad6) revision 3891205'; Using compiler version '192829333'; Build Type 'Release'
OS: 'Windows 11  (10.0.22631) 64bit Professional' Language: 'ko' Physical Memory: 32599 MB
BatchMode: 1, IsHumanControllingUs: 0, StartBugReporterOnCrash: 0, Is64bit: 1, IsPro: 1

COMMAND LINE ARGUMENTS:
C:\Program Files\Unity\Hub\Editor\2021.3.37f1\Editor\Unity.exe
-adb2
-batchMode
-noUpm
-name
AssetImportWorker2
-projectPath
C:/Github/Virtual-Piano-Training-Environment/Park Chan Yeop/AR_Object_Control
-logFile
Logs/AssetImportWorker2.log
-srvPort
56852
Successfully changed project path to: C:/Github/Virtual-Piano-Training-Environment/Park Chan Yeop/AR_Object_Control
C:/Github/Virtual-Piano-Training-Environment/Park Chan Yeop/AR_Object_Control
[UnityMemory] Configuration Parameters - Can be set up in boot.config
    "memorysetup-bucket-allocator-granularity=16"
    "memorysetup-bucket-allocator-bucket-count=8"
    "memorysetup-bucket-allocator-block-size=33554432"
    "memorysetup-bucket-allocator-block-count=8"
    "memorysetup-main-allocator-block-size=16777216"
    "memorysetup-thread-allocator-block-size=16777216"
    "memorysetup-gfx-main-allocator-block-size=16777216"
    "memorysetup-gfx-thread-allocator-block-size=16777216"
    "memorysetup-cache-allocator-block-size=4194304"
    "memorysetup-typetree-allocator-block-size=2097152"
    "memorysetup-profiler-bucket-allocator-granularity=16"
    "memorysetup-profiler-bucket-allocator-bucket-count=8"
    "memorysetup-profiler-bucket-allocator-block-size=33554432"
    "memorysetup-profiler-bucket-allocator-block-count=8"
    "memorysetup-profiler-allocator-block-size=16777216"
    "memorysetup-profiler-editor-allocator-block-size=1048576"
    "memorysetup-temp-allocator-size-main=16777216"
    "memorysetup-job-temp-allocator-block-size=2097152"
    "memorysetup-job-temp-allocator-block-size-background=1048576"
    "memorysetup-job-temp-allocator-reduction-small-platforms=262144"
    "memorysetup-temp-allocator-size-background-worker=32768"
    "memorysetup-temp-allocator-size-job-worker=262144"
    "memorysetup-temp-allocator-size-preload-manager=33554432"
    "memorysetup-temp-allocator-size-nav-mesh-worker=65536"
    "memorysetup-temp-allocator-size-audio-worker=65536"
    "memorysetup-temp-allocator-size-cloud-worker=32768"
    "memorysetup-temp-allocator-size-gi-baking-worker=262144"
    "memorysetup-temp-allocator-size-gfx=262144"
Player connection [16488] Host "[IP] 192.168.200.183 [Port] 0 [Flags] 2 [Guid] 326924677 [EditorId] 326924677 [Version] 1048832 [Id] WindowsEditor(7,DESKTOP-RIJCT46) [Debug] 1 [PackageName] WindowsEditor [ProjectName] Editor" joined multi-casting on [225.0.0.222:54997]...

Player connection [16488] Host "[IP] 192.168.200.183 [Port] 0 [Flags] 2 [Guid] 326924677 [EditorId] 326924677 [Version] 1048832 [Id] WindowsEditor(7,DESKTOP-RIJCT46) [Debug] 1 [PackageName] WindowsEditor [ProjectName] Editor" joined alternative multi-casting on [225.0.0.222:34997]...

[Physics::Module] Initialized MultithreadedJobDispatcher with {0} workers.
Refreshing native plugins compatible for Editor in 88.28 ms, found 4 plugins.
Preloading 0 native plugins for Editor in 0.00 ms.
Initialize engine version: 2021.3.37f1 (3b6005ad5ad6)
[Subsystems] Discovering subsystems at path C:/Program Files/Unity/Hub/Editor/2021.3.37f1/Editor/Data/Resources/UnitySubsystems
[Subsystems] Discovering subsystems at path C:/Github/Virtual-Piano-Training-Environment/Park Chan Yeop/AR_Object_Control/Assets
GfxDevice: creating device client; threaded=0; jobified=0
Direct3D:
    Version:  Direct3D 11.0 [level 11.1]
    Renderer: NVIDIA GeForce RTX 3060 Ti (ID=0x24c9)
    Vendor:   NVIDIA
    VRAM:     8038 MB
    Driver:   31.0.15.3623
Initialize mono
Mono path[0] = 'C:/Program Files/Unity/Hub/Editor/2021.3.37f1/Editor/Data/Managed'
Mono path[1] = 'C:/Program Files/Unity/Hub/Editor/2021.3.37f1/Editor/Data/MonoBleedingEdge/lib/mono/unityjit-win32'
Mono config path = 'C:/Program Files/Unity/Hub/Editor/2021.3.37f1/Editor/Data/MonoBleedingEdge/etc'
Using monoOptions --debugger-agent=transport=dt_socket,embedding=1,server=y,suspend=n,address=127.0.0.1:56300
Begin MonoManager ReloadAssembly
Registering precompiled unity dll's ...
Register platform support module: C:/Program Files/Unity/Hub/Editor/2021.3.37f1/Editor/Data/PlaybackEngines/AndroidPlayer/UnityEditor.Android.Extensions.dll
Register platform support module: C:/Program Files/Unity/Hub/Editor/2021.3.37f1/Editor/Data/PlaybackEngines/WindowsStandaloneSupport/UnityEditor.WindowsStandalone.Extensions.dll
Registered in 0.009468 seconds.
Native extension for WindowsStandalone target not found
Native extension for Android target not found
Android Extension - Scanning For ADB Devices 188 ms
Refreshing native plugins compatible for Editor in 94.97 ms, found 4 plugins.
Preloading 0 native plugins for Editor in 0.00 ms.
Mono: successfully reloaded assembly
- Completed reload, in  0.819 seconds
Domain Reload Profiling:
	ReloadAssembly (820ms)
		BeginReloadAssembly (87ms)
			ExecutionOrderSort (0ms)
			DisableScriptedObjects (0ms)
			BackupInstance (0ms)
			ReleaseScriptingObjects (0ms)
			CreateAndSetChildDomain (1ms)
		EndReloadAssembly (649ms)
			LoadAssemblies (85ms)
			RebuildTransferFunctionScriptingTraits (0ms)
			SetupTypeCache (94ms)
			ReleaseScriptCaches (0ms)
			RebuildScriptCaches (22ms)
			SetupLoadedEditorAssemblies (496ms)
				LogAssemblyErrors (0ms)
				InitializePlatformSupportModulesInManaged (300ms)
				SetLoadedEditorAssemblies (0ms)
				RefreshPlugins (95ms)
				BeforeProcessingInitializeOnLoad (1ms)
				ProcessInitializeOnLoadAttributes (67ms)
				ProcessInitializeOnLoadMethodAttributes (34ms)
				AfterProcessingInitializeOnLoad (0ms)
				EditorAssembliesLoaded (0ms)
			ExecutionOrderSort2 (0ms)
			AwakeInstancesAfterBackupRestoration (0ms)
Platform modules already initialized, skipping
Registering precompiled user dll's ...
Registered in 0.009997 seconds.
Begin MonoManager ReloadAssembly
Native extension for WindowsStandalone target not found
Native extension for Android target not found
Refreshing native plugins compatible for Editor in 91.50 ms, found 4 plugins.
Preloading 0 native plugins for Editor in 0.00 ms.
System.Exception: Error! Visual Scripting: couldn't find visual scripting package
  at Unity.VisualScripting.PackageVersionUtility.get_version () [0x00043] in C:\Github\Virtual-Piano-Training-Environment\Park Chan Yeop\AR_Object_Control\Library\PackageCache\com.unity.visualscripting@1.9.2\Editor\VisualScripting.Core\Utilities\PackageVersionUtility.cs:31 
  at Unity.VisualScripting.BoltCoreManifest.get_version () [0x00000] in C:\Github\Virtual-Piano-Training-Environment\Park Chan Yeop\AR_Object_Control\Library\PackageCache\com.unity.visualscripting@1.9.2\Editor\VisualScripting.Core\Plugin\BoltCoreManifest.cs:11 
  at Unity.VisualScripting.PluginManifest.get_currentVersion () [0x00000] in C:\Github\Virtual-Piano-Training-Environment\Park Chan Yeop\AR_Object_Control\Library\PackageCache\com.unity.visualscripting@1.9.2\Editor\VisualScripting.Core\Plugins\PluginManifest.cs:33 
  at Unity.VisualScripting.PluginManifest.get_versionMismatch () [0x00000] in C:\Github\Virtual-Piano-Training-Environment\Park Chan Yeop\AR_Object_Control\Library\PackageCache\com.unity.visualscripting@1.9.2\Editor\VisualScripting.Core\Plugins\PluginManifest.cs:48 
  at Unity.VisualScripting.PluginContainer.Initialize () [0x00525] in C:\Github\Virtual-Piano-Training-Environment\Park Chan Yeop\AR_Object_Control\Library\PackageCache\com.unity.visualscripting@1.9.2\Editor\VisualScripting.Core\Plugins\PluginContainer.cs:208 
  at Unity.VisualScripting.PluginContainer.InitializeOnLoad () [0x00009] in C:\Github\Virtual-Piano-Training-Environment\Park Chan Yeop\AR_Object_Control\Library\PackageCache\com.unity.visualscripting@1.9.2\Editor\VisualScripting.Core\Plugins\PluginContainer.cs:32 
  at Unity.VisualScripting.VSUsageUtility.DoInitializeOnLoadCalls () [0x00034] in C:\Github\Virtual-Piano-Training-Environment\Park Chan Yeop\AR_Object_Control\Library\PackageCache\com.unity.visualscripting@1.9.2\Editor\VisualScripting.Core\Utilities\VSUsageUtility.cs:76 
  at Unity.VisualScripting.VSUsageUtility.set_isVisualScriptingUsed (System.Boolean value) [0x0002c] in C:\Github\Virtual-Piano-Training-Environment\Park Chan Yeop\AR_Object_Control\Library\PackageCache\com.unity.visualscripting@1.9.2\Editor\VisualScripting.Core\Utilities\VSUsageUtility.cs:114 
  at Unity.VisualScripting.VSUsageUtility.CheckAndSetIsVisualScriptingUsed () [0x00032] in C:\Github\Virtual-Piano-Training-Environment\Park Chan Yeop\AR_Object_Control\Library\PackageCache\com.unity.visualscripting@1.9.2\Editor\VisualScripting.Core\Utilities\VSUsageUtility.cs:48 
  at Unity.VisualScripting.VSUsageUtility..cctor () [0x00000] in C:\Github\Virtual-Piano-Training-Environment\Park Chan Yeop\AR_Object_Control\Library\PackageCache\com.unity.visualscripting@1.9.2\Editor\VisualScripting.Core\Utilities\VSUsageUtility.cs:22 
UnityEngine.StackTraceUtility:ExtractStackTrace ()
UnityEngine.DebugLogHandler:LogFormat (UnityEngine.LogType,UnityEngine.Object,string,object[])
UnityEngine.Logger:Log (UnityEngine.LogType,object)
UnityEngine.Debug:LogError (object)
UnityEditor.EditorAssemblies:ProcessInitializeOnLoadAttributes (System.Type[])

Package Manager log level set to [2]
[Package Manager] Server::EnsureServerProcessIsRunning -- launch failed, reason: Unity was launched with the -noUpm command-line argument
[Package Manager] Cannot connect to Unity Package Manager local server
[Package Manager] Server::EnsureServerProcessIsRunning -- launch failed, reason: Unity was launched with the -noUpm command-line argument
[Package Manager] Cannot connect to Unity Package Manager local server
Mono: successfully reloaded assembly
- Completed reload, in  2.161 seconds
Domain Reload Profiling:
	ReloadAssembly (2162ms)
		BeginReloadAssembly (105ms)
			ExecutionOrderSort (0ms)
			DisableScriptedObjects (4ms)
			BackupInstance (0ms)
			ReleaseScriptingObjects (0ms)
			CreateAndSetChildDomain (14ms)
		EndReloadAssembly (1973ms)
			LoadAssemblies (117ms)
			RebuildTransferFunctionScriptingTraits (0ms)
			SetupTypeCache (293ms)
			ReleaseScriptCaches (1ms)
			RebuildScriptCaches (59ms)
			SetupLoadedEditorAssemblies (1484ms)
				LogAssemblyErrors (0ms)
				InitializePlatformSupportModulesInManaged (17ms)
				SetLoadedEditorAssemblies (0ms)
				RefreshPlugins (92ms)
				BeforeProcessingInitializeOnLoad (154ms)
				ProcessInitializeOnLoadAttributes (1145ms)
				ProcessInitializeOnLoadMethodAttributes (65ms)
				AfterProcessingInitializeOnLoad (10ms)
				EditorAssembliesLoaded (0ms)
			ExecutionOrderSort2 (0ms)
			AwakeInstancesAfterBackupRestoration (6ms)
Platform modules already initialized, skipping
========================================================================
Worker process is ready to serve import requests
Launched and connected shader compiler UnityShaderCompiler.exe after 0.04 seconds
Refreshing native plugins compatible for Editor in 1.52 ms, found 4 plugins.
Preloading 0 native plugins for Editor in 0.00 ms.
Unloading 6257 Unused Serialized files (Serialized files now loaded: 0)
Unloading 65 unused Assets / (1.2 MB). Loaded Objects now: 6695.
Memory consumption went from 243.1 MB to 241.8 MB.
Total: 10.128800 ms (FindLiveObjects: 0.334200 ms CreateObjectMapping: 0.216800 ms MarkObjects: 9.175900 ms  DeleteObjects: 0.400600 ms)

AssetImportParameters requested are different than current active one (requested -> active):
  custom:video-decoder-ogg-theora: a1e56fd34408186e4bbccfd4996cb3dc -> 
  custom:container-muxer-webm: aa71ff27fc2769a1b78a27578f13a17b -> 
  custom:container-demuxer-webm: 4f35f7cbe854078d1ac9338744f61a02 -> 
  custom:video-encoder-webm-vp8: eb34c28f22e8b96e1ab97ce403110664 -> 
  custom:CustomObjectIndexerAttribute: bc11b3a6c3213fcdd17b65e7da85e133 -> 
  custom:audio-encoder-webm-vorbis: bf7c407c2cedff20999df2af8eb42d56 -> 
  custom:framework-win-MediaFoundation: 216162199b28c13a410421893ffa2e32 -> 
  custom:SearchIndexIgnoredProperties: e643bd26f0fe6173181afceb89e7c659 -> 
  custom:container-demuxer-ogg: 62fdf1f143b41e24485cea50d1cbac27 -> 
  custom:video-decoder-webm-vp8: 9c59270c3fd7afecdb556c50c9e8de78 -> 
  custom:audio-decoder-ogg-vorbis: bf7c407c2cedff20999df2af8eb42d56 -> 
========================================================================
Received Import Request.
  Time since last request: 350490.371967 seconds.
  path: Assets/VRUIP/Package Files/Materials
  artifactKey: Guid(4c48c483b5b61cc4f8d950f8c9f31115) Importer(815301076,1909f56bfc062723c751e8b465ee728b)
Number of updated assets reloaded before import = 0
Start importing Assets/VRUIP/Package Files/Materials using Guid(4c48c483b5b61cc4f8d950f8c9f31115) Importer(815301076,1909f56bfc062723c751e8b465ee728b)  -> (artifact id: 'bebc8087edc8c505ed7022e55a63cb41') in 0.010685 seconds 
Number of asset objects unloaded after import = 0
========================================================================
Received Import Request.
  Time since last request: 0.344430 seconds.
  path: Assets/VRUIP/Package Files/Models
  artifactKey: Guid(4f6888119c5f1ee45a589e2433d1248e) Importer(815301076,1909f56bfc062723c751e8b465ee728b)
Number of updated assets reloaded before import = 0
Start importing Assets/VRUIP/Package Files/Models using Guid(4f6888119c5f1ee45a589e2433d1248e) Importer(815301076,1909f56bfc062723c751e8b465ee728b)  -> (artifact id: '810a4d8deecb56e981805b5481fccebf') in 0.000998 seconds 
Number of asset objects unloaded after import = 0
========================================================================
Received Import Request.
  Time since last request: 0.531518 seconds.
  path: Assets/VRUIP/Package Files/Textures
  artifactKey: Guid(1367250a03c7877489be98cfa1297abf) Importer(815301076,1909f56bfc062723c751e8b465ee728b)
Number of updated assets reloaded before import = 0
Start importing Assets/VRUIP/Package Files/Textures using Guid(1367250a03c7877489be98cfa1297abf) Importer(815301076,1909f56bfc062723c751e8b465ee728b)  -> (artifact id: '4d3c3e0490dcc1e3317e6e315bd1a683') in 0.001110 seconds 
Number of asset objects unloaded after import = 0
========================================================================
Received Import Request.
  Time since last request: 0.501084 seconds.
  path: Assets/VRUIP/Package Files/Videos
  artifactKey: Guid(03ed79bb6fd534145a3eee02dc6c666b) Importer(815301076,1909f56bfc062723c751e8b465ee728b)
Number of updated assets reloaded before import = 0
Start importing Assets/VRUIP/Package Files/Videos using Guid(03ed79bb6fd534145a3eee02dc6c666b) Importer(815301076,1909f56bfc062723c751e8b465ee728b)  -> (artifact id: '6a02b77387c2330ea4d87e759a32a6fc') in 0.001102 seconds 
Number of asset objects unloaded after import = 0
========================================================================
Received Import Request.
  Time since last request: 1.417420 seconds.
  path: Assets/VRUIP/Package Files/Materials/BlackMaterial.mat
  artifactKey: Guid(c81a2b00383074d2b8f1a54d60e6ea92) Importer(815301076,1909f56bfc062723c751e8b465ee728b)
Number of updated assets reloaded before import = 0
Start importing Assets/VRUIP/Package Files/Materials/BlackMaterial.mat using Guid(c81a2b00383074d2b8f1a54d60e6ea92) Importer(815301076,1909f56bfc062723c751e8b465ee728b)  -> (artifact id: 'b687b9cf7718d205d470fa69bab27028') in 0.082445 seconds 
Number of asset objects unloaded after import = 1
========================================================================
Received Import Request.
  Time since last request: 0.000017 seconds.
  path: Assets/VRUIP/Package Files/Materials/RedMaterial.mat
  artifactKey: Guid(b315fae4cd5ec4e17afda69728d70a06) Importer(815301076,1909f56bfc062723c751e8b465ee728b)
Number of updated assets reloaded before import = 0
Start importing Assets/VRUIP/Package Files/Materials/RedMaterial.mat using Guid(b315fae4cd5ec4e17afda69728d70a06) Importer(815301076,1909f56bfc062723c751e8b465ee728b)  -> (artifact id: 'c84e00306e085d6ae27a09aa84ea825f') in 0.010211 seconds 
Number of asset objects unloaded after import = 1
========================================================================
Received Import Request.
  Time since last request: 0.000014 seconds.
  path: Assets/VRUIP/Package Files/Materials/Floor.mat
  artifactKey: Guid(5e04834b5954cdb43a0ebf7558016540) Importer(815301076,1909f56bfc062723c751e8b465ee728b)
Number of updated assets reloaded before import = 0
Start importing Assets/VRUIP/Package Files/Materials/Floor.mat using Guid(5e04834b5954cdb43a0ebf7558016540) Importer(815301076,1909f56bfc062723c751e8b465ee728b)  -> (artifact id: '856f9f0e77be5731d8b364d31f58f100') in 0.012839 seconds 
Number of asset objects unloaded after import = 1
========================================================================
Received Import Request.
  Time since last request: 0.000021 seconds.
  path: Assets/VRUIP/Package Files/Materials/Wooden_Floor.mat
  artifactKey: Guid(77a2ebc27020a434a99be86e9261fbc9) Importer(815301076,1909f56bfc062723c751e8b465ee728b)
Number of updated assets reloaded before import = 0
Start importing Assets/VRUIP/Package Files/Materials/Wooden_Floor.mat using Guid(77a2ebc27020a434a99be86e9261fbc9) Importer(815301076,1909f56bfc062723c751e8b465ee728b)  -> (artifact id: '54b5d6e7194df8a13c8a7de19cddb2d7') in 0.202165 seconds 
Number of asset objects unloaded after import = 4
========================================================================
Received Import Request.
  Time since last request: 4.081753 seconds.
  path: Assets/VRUIP/Package Files/Images/Textures
  artifactKey: Guid(3c4269e2bb51b89478183b8a3803ee3c) Importer(815301076,1909f56bfc062723c751e8b465ee728b)
Number of updated assets reloaded before import = 0
Start importing Assets/VRUIP/Package Files/Images/Textures using Guid(3c4269e2bb51b89478183b8a3803ee3c) Importer(815301076,1909f56bfc062723c751e8b465ee728b)  -> (artifact id: '0aad8964185b891f0985b3a1de526117') in 0.001183 seconds 
Number of asset objects unloaded after import = 0
========================================================================
Received Import Request.
  Time since last request: 0.788369 seconds.
  path: Assets/VRUIP/Package Files/Images/Textures/Foam
  artifactKey: Guid(56a08b9868fc0d74da7bbe7a058a15ac) Importer(815301076,1909f56bfc062723c751e8b465ee728b)
Number of updated assets reloaded before import = 0
Start importing Assets/VRUIP/Package Files/Images/Textures/Foam using Guid(56a08b9868fc0d74da7bbe7a058a15ac) Importer(815301076,1909f56bfc062723c751e8b465ee728b)  -> (artifact id: 'c66f477e6e6e12576405c203539f3287') in 0.001482 seconds 
Number of asset objects unloaded after import = 0
========================================================================
Received Import Request.
  Time since last request: 1.142354 seconds.
  path: Assets/VRUIP/Package Files/Images/Other/Realary_Logo_3D.png
  artifactKey: Guid(734cfc933243cd947aea597abe7fa13e) Importer(815301076,1909f56bfc062723c751e8b465ee728b)
Number of updated assets reloaded before import = 0
Start importing Assets/VRUIP/Package Files/Images/Other/Realary_Logo_3D.png using Guid(734cfc933243cd947aea597abe7fa13e) Importer(815301076,1909f56bfc062723c751e8b465ee728b)  -> (artifact id: 'dbece34124b2e554e1052c7aa0d97429') in 0.030046 seconds 
Number of asset objects unloaded after import = 2
========================================================================
Received Import Request.
  Time since last request: 0.000013 seconds.
  path: Assets/VRUIP/Package Files/Images/Other/VRUIP_Logo_500px.png
  artifactKey: Guid(ea5c5674c2e4ebb4db1d7ec94e17aa14) Importer(815301076,1909f56bfc062723c751e8b465ee728b)
Number of updated assets reloaded before import = 0
Start importing Assets/VRUIP/Package Files/Images/Other/VRUIP_Logo_500px.png using Guid(ea5c5674c2e4ebb4db1d7ec94e17aa14) Importer(815301076,1909f56bfc062723c751e8b465ee728b)  -> (artifact id: '9037d320bb65c9ff6c7226e5a35cc24e') in 0.018979 seconds 
Number of asset objects unloaded after import = 3
========================================================================
Received Import Request.
  Time since last request: 2.983999 seconds.
  path: Assets/VRUIP/Package Files/Images/Other/Test/GalleryImage2.png
  artifactKey: Guid(49ecb41c9f2c0a04896cc219e2289dea) Importer(815301076,1909f56bfc062723c751e8b465ee728b)
Number of updated assets reloaded before import = 0
Start importing Assets/VRUIP/Package Files/Images/Other/Test/GalleryImage2.png using Guid(49ecb41c9f2c0a04896cc219e2289dea) Importer(815301076,1909f56bfc062723c751e8b465ee728b)  -> (artifact id: '8ff7a99d5b382a204a0f3fa2f000eea8') in 0.028053 seconds 
Number of asset objects unloaded after import = 3
========================================================================
Received Import Request.
  Time since last request: 0.000016 seconds.
  path: Assets/VRUIP/Package Files/Images/Other/Test/TestBanner3.png
  artifactKey: Guid(8036d6946fa58d449ba11430fad16f9d) Importer(815301076,1909f56bfc062723c751e8b465ee728b)
Number of updated assets reloaded before import = 0
Start importing Assets/VRUIP/Package Files/Images/Other/Test/TestBanner3.png using Guid(8036d6946fa58d449ba11430fad16f9d) Importer(815301076,1909f56bfc062723c751e8b465ee728b)  -> (artifact id: 'a655e3073f92456f77fa3e9cb524ede9') in 0.018464 seconds 
Number of asset objects unloaded after import = 3
========================================================================
Received Import Request.
  Time since last request: 0.000019 seconds.
  path: Assets/VRUIP/Package Files/Images/Other/Test/TestMap.png
  artifactKey: Guid(d1e2898474a0e4c4681b502e23a1378b) Importer(815301076,1909f56bfc062723c751e8b465ee728b)
Number of updated assets reloaded before import = 0
Start importing Assets/VRUIP/Package Files/Images/Other/Test/TestMap.png using Guid(d1e2898474a0e4c4681b502e23a1378b) Importer(815301076,1909f56bfc062723c751e8b465ee728b)  -> (artifact id: 'ef7d1cbd2ce0a694918a8e1d5e85c369') in 0.108669 seconds 
Number of asset objects unloaded after import = 3
